Using pre-set license
Built from '2020.3/staging' branch; Version is '2020.3.14f1 (d0d1bb862f9d) revision 13685179'; Using compiler version '192528614'; Build Type 'Release'
OS: 'Windows 10 Home; OS build 19042.1110; Version 2009; 64bit' Language: 'en' Physical Memory: 16341 MB
BatchMode: 1, IsHumanControllingUs: 0, StartBugReporterOnCrash: 0, Is64bit: 1, IsPro: 0

 COMMAND LINE ARGUMENTS:
D:\Program Files\Unity\Editor\2020.3.14f1\Editor\Unity.exe
-adb2
-batchMode
-noUpm
-name
AssetImportWorker0
-projectPath
D:/Unity Projects/IGME 202/Exercise 1 (Thin Air Balloon)
-logFile
Logs/AssetImportWorker0.log
-srvPort
51462
Successfully changed project path to: D:/Unity Projects/IGME 202/Exercise 1 (Thin Air Balloon)
D:/Unity Projects/IGME 202/Exercise 1 (Thin Air Balloon)
Using Asset Import Pipeline V2.
Refreshing native plugins compatible for Editor in 21.50 ms, found 2 plugins.
Preloading 0 native plugins for Editor in 0.00 ms.
Initialize engine version: 2020.3.14f1 (d0d1bb862f9d)
[Subsystems] Discovering subsystems at path D:/Program Files/Unity/Editor/2020.3.14f1/Editor/Data/Resources/UnitySubsystems
[Subsystems] Discovering subsystems at path D:/Unity Projects/IGME 202/Exercise 1 (Thin Air Balloon)/Assets
GfxDevice: creating device client; threaded=0
Direct3D:
    Version:  Direct3D 11.0 [level 11.1]
    Renderer: NVIDIA GeForce RTX 2070 SUPER (ID=0x1e84)
    Vendor:   
    VRAM:     8011 MB
    Driver:   30.0.14.7111
Initialize mono
Mono path[0] = 'D:/Program Files/Unity/Editor/2020.3.14f1/Editor/Data/Managed'
Mono path[1] = 'D:/Program Files/Unity/Editor/2020.3.14f1/Editor/Data/MonoBleedingEdge/lib/mono/unityjit'
Mono config path = 'D:/Program Files/Unity/Editor/2020.3.14f1/Editor/Data/MonoBleedingEdge/etc'
Using monoOptions --debugger-agent=transport=dt_socket,embedding=1,server=y,suspend=n,address=127.0.0.1:56432
Begin MonoManager ReloadAssembly
Registering precompiled unity dll's ...
Register platform support module: D:/Program Files/Unity/Editor/2020.3.14f1/Editor/Data/PlaybackEngines/WebGLSupport/UnityEditor.WebGL.Extensions.dll
Register platform support module: D:/Program Files/Unity/Editor/2020.3.14f1/Editor/Data/PlaybackEngines/WindowsStandaloneSupport/UnityEditor.WindowsStandalone.Extensions.dll
Registered in 0.001062 seconds.
Native extension for WindowsStandalone target not found
Native extension for WebGL target not found
Refreshing native plugins compatible for Editor in 21.24 ms, found 2 plugins.
Preloading 0 native plugins for Editor in 0.00 ms.
Mono: successfully reloaded assembly
- Completed reload, in  0.802 seconds
Domain Reload Profiling:
	ReloadAssembly (802ms)
		BeginReloadAssembly (40ms)
			ExecutionOrderSort (0ms)
			DisableScriptedObjects (0ms)
			BackupInstance (0ms)
			ReleaseScriptingObjects (0ms)
			CreateAndSetChildDomain (1ms)
		EndReloadAssembly (316ms)
			LoadAssemblies (39ms)
			RebuildTransferFunctionScriptingTraits (0ms)
			SetupTypeCache (122ms)
			ReleaseScriptCaches (0ms)
			RebuildScriptCaches (26ms)
			SetupLoadedEditorAssemblies (121ms)
				LogAssemblyErrors (0ms)
				InitializePlatformSupportModulesInManaged (3ms)
				SetLoadedEditorAssemblies (0ms)
				RefreshPlugins (21ms)
				BeforeProcessingInitializeOnLoad (8ms)
				ProcessInitializeOnLoadAttributes (65ms)
				ProcessInitializeOnLoadMethodAttributes (22ms)
				AfterProcessingInitializeOnLoad (0ms)
				EditorAssembliesLoaded (0ms)
			ExecutionOrderSort2 (0ms)
			AwakeInstancesAfterBackupRestoration (0ms)
Platform modules already initialized, skipping
Registering precompiled user dll's ...
Registered in 0.002153 seconds.
Begin MonoManager ReloadAssembly
Native extension for WindowsStandalone target not found
Native extension for WebGL target not found
Refreshing native plugins compatible for Editor in 0.25 ms, found 2 plugins.
Preloading 0 native plugins for Editor in 0.00 ms.
Mono: successfully reloaded assembly
- Completed reload, in  0.787 seconds
Domain Reload Profiling:
	ReloadAssembly (788ms)
		BeginReloadAssembly (114ms)
			ExecutionOrderSort (0ms)
			DisableScriptedObjects (4ms)
			BackupInstance (0ms)
			ReleaseScriptingObjects (0ms)
			CreateAndSetChildDomain (15ms)
		EndReloadAssembly (630ms)
			LoadAssemblies (66ms)
			RebuildTransferFunctionScriptingTraits (0ms)
			SetupTypeCache (225ms)
			ReleaseScriptCaches (0ms)
			RebuildScriptCaches (34ms)
			SetupLoadedEditorAssemblies (231ms)
				LogAssemblyErrors (0ms)
				InitializePlatformSupportModulesInManaged (4ms)
				SetLoadedEditorAssemblies (0ms)
				RefreshPlugins (0ms)
				BeforeProcessingInitializeOnLoad (68ms)
				ProcessInitializeOnLoadAttributes (153ms)
				ProcessInitializeOnLoadMethodAttributes (3ms)
				AfterProcessingInitializeOnLoad (2ms)
				EditorAssembliesLoaded (0ms)
			ExecutionOrderSort2 (0ms)
			AwakeInstancesAfterBackupRestoration (5ms)
Platform modules already initialized, skipping
========================================================================
Worker process is ready to serve import requests
Launched and connected shader compiler UnityShaderCompiler.exe after 0.04 seconds
Refreshing native plugins compatible for Editor in 0.33 ms, found 2 plugins.
Preloading 0 native plugins for Editor in 0.00 ms.
Unloading 1390 Unused Serialized files (Serialized files now loaded: 0)
System memory in use before: 64.8 MB.
System memory in use after: 64.8 MB.

Unloading 19 unused Assets to reduce memory usage. Loaded Objects now: 1823.
Total: 1.934000 ms (FindLiveObjects: 0.135300 ms CreateObjectMapping: 0.033000 ms MarkObjects: 1.703000 ms  DeleteObjects: 0.061900 ms)

AssetImportParameters requested are different than current active one (requested -> active):
  custom:framework-win-MediaFoundation: 216162199b28c13a410421893ffa2e32 -> 
  custom:video-decoder-ogg-theora: a1e56fd34408186e4bbccfd4996cb3dc -> 
  custom:container-muxer-webm: aa71ff27fc2769a1b78a27578f13a17b -> 
  custom:container-demuxer-webm: 4f35f7cbe854078d1ac9338744f61a02 -> 
  custom:container-demuxer-ogg: 62fdf1f143b41e24485cea50d1cbac27 -> 
  custom:video-encoder-webm-vp8: eb34c28f22e8b96e1ab97ce403110664 -> 
  custom:video-decoder-webm-vp8: 9c59270c3fd7afecdb556c50c9e8de78 -> 
  custom:audio-decoder-ogg-vorbis: bf7c407c2cedff20999df2af8eb42d56 -> 
  custom:audio-encoder-webm-vorbis: bf7c407c2cedff20999df2af8eb42d56 -> 
========================================================================
Received Import Request.
  path: Assets
  artifactKey: Guid(00000000000000001000000000000000) Importer(815301076,1909f56bfc062723c751e8b465ee728b)
Start importing Assets using Guid(00000000000000001000000000000000) Importer(815301076,1909f56bfc062723c751e8b465ee728b)  -> (artifact id: '42d402b061de3733987d63b9cc3b64de') in 0.005318 seconds 
  Import took 0.021643 seconds .

========================================================================
Received Import Request.
  Time since last request: 0.043616 seconds.
  path: Assets/Materials
  artifactKey: Guid(4ad4e3962b4154745b5c9ce4fe41cd7a) Importer(815301076,1909f56bfc062723c751e8b465ee728b)
Start importing Assets/Materials using Guid(4ad4e3962b4154745b5c9ce4fe41cd7a) Importer(815301076,1909f56bfc062723c751e8b465ee728b)  -> (artifact id: 'a0525130c11c4281a9e2fffcc710e93e') in 0.004456 seconds 
  Import took 0.018886 seconds .

========================================================================
Received Import Request.
  Time since last request: 51.600026 seconds.
  path: Assets/Materials/Ground.mat
  artifactKey: Guid(c319c2aca2cfed643b2f6d43445db6b3) Importer(815301076,1909f56bfc062723c751e8b465ee728b)
Start importing Assets/Materials/Ground.mat using Guid(c319c2aca2cfed643b2f6d43445db6b3) Importer(815301076,1909f56bfc062723c751e8b465ee728b)  -> (artifact id: 'f123703d9b4abfe733fa3ec01c559800') in 0.092879 seconds 
  Import took 0.103312 seconds .

========================================================================
Received Import Request.
  Time since last request: 17.858296 seconds.
  path: Assets/Textures
  artifactKey: Guid(22a72a7372c178b4ca4d520953920cec) Importer(815301076,1909f56bfc062723c751e8b465ee728b)
Start importing Assets/Textures using Guid(22a72a7372c178b4ca4d520953920cec) Importer(815301076,1909f56bfc062723c751e8b465ee728b)  -> (artifact id: 'fa0a4ff8ea252e4b5e2f06160b1db802') in 0.004340 seconds 
  Import took 0.007064 seconds .

========================================================================
Received Import Request.
  Time since last request: 4.580836 seconds.
  path: Assets/Textures/circular foot prints.png
  artifactKey: Guid(88a3acc3a4571784da9593ab9e6713f9) Importer(815301076,1909f56bfc062723c751e8b465ee728b)
Start importing Assets/Textures/circular foot prints.png using Guid(88a3acc3a4571784da9593ab9e6713f9) Importer(815301076,1909f56bfc062723c751e8b465ee728b)  -> (artifact id: '74f7d8ba8013ab2ce8fe5a48c10a6fba') in 0.048725 seconds 
  Import took 0.052299 seconds .

========================================================================
Received Import Request.
  Time since last request: 0.000166 seconds.
  path: Assets/Textures/north african tiling pattern.png
  artifactKey: Guid(c6b8ff1f0e5670442b3ea1c0fba1d720) Importer(815301076,1909f56bfc062723c751e8b465ee728b)
Start importing Assets/Textures/north african tiling pattern.png using Guid(c6b8ff1f0e5670442b3ea1c0fba1d720) Importer(815301076,1909f56bfc062723c751e8b465ee728b)  -> (artifact id: 'c26f8121c31b589a1c8138f49ca14baa') in 0.007401 seconds 
  Import took 0.010282 seconds .

========================================================================
Received Import Request.
  Time since last request: 0.000201 seconds.
  path: Assets/Textures/polar graph.png
  artifactKey: Guid(d71d3e7e13c35cc46aeeefc15a41c754) Importer(815301076,1909f56bfc062723c751e8b465ee728b)
Start importing Assets/Textures/polar graph.png using Guid(d71d3e7e13c35cc46aeeefc15a41c754) Importer(815301076,1909f56bfc062723c751e8b465ee728b)  -> (artifact id: '104ac66749ed1921684f9672c706b1a0') in 0.010487 seconds 
  Import took 0.012942 seconds .

========================================================================
Received Import Request.
  Time since last request: 0.000176 seconds.
  path: Assets/Textures/polar view.png
  artifactKey: Guid(c75505b32d1339e41a618c0dbc88770b) Importer(815301076,1909f56bfc062723c751e8b465ee728b)
Start importing Assets/Textures/polar view.png using Guid(c75505b32d1339e41a618c0dbc88770b) Importer(815301076,1909f56bfc062723c751e8b465ee728b)  -> (artifact id: 'b4c5665b99fdd9f48408f0dce2385289') in 0.007173 seconds 
  Import took 0.009972 seconds .

========================================================================
Received Import Request.
  Time since last request: 0.000205 seconds.
  path: Assets/Textures/polar coordinates.png
  artifactKey: Guid(9c492a2d1d712e34ca1570f398fd972d) Importer(815301076,1909f56bfc062723c751e8b465ee728b)
Start importing Assets/Textures/polar coordinates.png using Guid(9c492a2d1d712e34ca1570f398fd972d) Importer(815301076,1909f56bfc062723c751e8b465ee728b)  -> (artifact id: '8c15227af8c85a3afb34b280fcb2c908') in 0.007605 seconds 
  Import took 0.009375 seconds .

========================================================================
Received Import Request.
  Time since last request: 64.492663 seconds.
  path: Assets/Materials/Balloon.mat
  artifactKey: Guid(ea9af64e3cf25c242be3ca297a0e0a89) Importer(815301076,1909f56bfc062723c751e8b465ee728b)
Start importing Assets/Materials/Balloon.mat using Guid(ea9af64e3cf25c242be3ca297a0e0a89) Importer(815301076,1909f56bfc062723c751e8b465ee728b)  -> (artifact id: '603d082654403a583f9b76b13232be22') in 0.009847 seconds 
  Import took 0.054795 seconds .

========================================================================
Received Import Request.
  Time since last request: 15.138300 seconds.
  path: Assets/Materials/Gandola.mat
  artifactKey: Guid(c5af3db30ba9f7c449e8dac96c8ae000) Importer(815301076,1909f56bfc062723c751e8b465ee728b)
Start importing Assets/Materials/Gandola.mat using Guid(c5af3db30ba9f7c449e8dac96c8ae000) Importer(815301076,1909f56bfc062723c751e8b465ee728b)  -> (artifact id: '6abbcdb853ddeb361447648fa02f7059') in 0.008564 seconds 
  Import took 0.011401 seconds .

========================================================================
Received Import Request.
  Time since last request: 51.623897 seconds.
  path: Assets/Scenes/SampleScene.unity
  artifactKey: Guid(9fc0d4010bbf28b4594072e72b8655ab) Importer(815301076,1909f56bfc062723c751e8b465ee728b)
Start importing Assets/Scenes/SampleScene.unity using Guid(9fc0d4010bbf28b4594072e72b8655ab) Importer(815301076,1909f56bfc062723c751e8b465ee728b)  -> (artifact id: '50087b7d1b47abefefaaf8dbc41ff66d') in 0.005126 seconds 
  Import took 0.007354 seconds .

========================================================================
Received Import Request.
  Time since last request: 1.680204 seconds.
  path: Assets/Scenes/SampleScene.unity
  artifactKey: Guid(9fc0d4010bbf28b4594072e72b8655ab) Importer(815301076,1909f56bfc062723c751e8b465ee728b)
Start importing Assets/Scenes/SampleScene.unity using Guid(9fc0d4010bbf28b4594072e72b8655ab) Importer(815301076,1909f56bfc062723c751e8b465ee728b)  -> (artifact id: '40f4e9efde16561945b75b8d0d810619') in 0.001628 seconds 
  Import took 0.004175 seconds .

========================================================================
Received Import Request.
  Time since last request: 8.479219 seconds.
  path: Assets/Scenes/WorldWindView.unity
  artifactKey: Guid(9fc0d4010bbf28b4594072e72b8655ab) Importer(815301076,1909f56bfc062723c751e8b465ee728b)
Start importing Assets/Scenes/WorldWindView.unity using Guid(9fc0d4010bbf28b4594072e72b8655ab) Importer(815301076,1909f56bfc062723c751e8b465ee728b)  -> (artifact id: '4d19a0b0e1c76d8b7deab3a031b889fe') in 0.004907 seconds 
  Import took 0.007267 seconds .

========================================================================
Received Import Request.
  Time since last request: 0.001762 seconds.
  path: Assets/Scenes/WorldWindView.unity
  artifactKey: Guid(9fc0d4010bbf28b4594072e72b8655ab) Importer(815301076,1909f56bfc062723c751e8b465ee728b)
Start importing Assets/Scenes/WorldWindView.unity using Guid(9fc0d4010bbf28b4594072e72b8655ab) Importer(815301076,1909f56bfc062723c751e8b465ee728b)  -> (artifact id: '4d19a0b0e1c76d8b7deab3a031b889fe') in 0.001812 seconds 
  Import took 0.004658 seconds .

========================================================================
Received Import Request.
  Time since last request: 38.008172 seconds.
  path: Assets/Textures/north african tiling pattern.png
  artifactKey: Guid(c6b8ff1f0e5670442b3ea1c0fba1d720) Importer(815301076,1909f56bfc062723c751e8b465ee728b)
Start importing Assets/Textures/north african tiling pattern.png using Guid(c6b8ff1f0e5670442b3ea1c0fba1d720) Importer(815301076,1909f56bfc062723c751e8b465ee728b)  -> (artifact id: 'e249e4176c264df82c472e5590e9e610') in 0.006735 seconds 
  Import took 0.008718 seconds .

========================================================================
Received Import Request.
  Time since last request: 0.011947 seconds.
  path: Assets/Textures/circular foot prints.png
  artifactKey: Guid(88a3acc3a4571784da9593ab9e6713f9) Importer(815301076,1909f56bfc062723c751e8b465ee728b)
Start importing Assets/Textures/circular foot prints.png using Guid(88a3acc3a4571784da9593ab9e6713f9) Importer(815301076,1909f56bfc062723c751e8b465ee728b)  -> (artifact id: '1ad1d20f2edb77e946914d816efb6d22') in 0.009363 seconds 
  Import took 0.011863 seconds .

========================================================================
Received Import Request.
  Time since last request: 0.000245 seconds.
  path: Assets/Textures/polar graph.png
  artifactKey: Guid(d71d3e7e13c35cc46aeeefc15a41c754) Importer(815301076,1909f56bfc062723c751e8b465ee728b)
Start importing Assets/Textures/polar graph.png using Guid(d71d3e7e13c35cc46aeeefc15a41c754) Importer(815301076,1909f56bfc062723c751e8b465ee728b)  -> (artifact id: '70e2f02f4b16ccc02a86e4b3faf4488e') in 0.009020 seconds 
  Import took 0.011524 seconds .

========================================================================
Received Import Request.
  Time since last request: 0.000267 seconds.
  path: Assets/Textures/polar view.png
  artifactKey: Guid(c75505b32d1339e41a618c0dbc88770b) Importer(815301076,1909f56bfc062723c751e8b465ee728b)
Start importing Assets/Textures/polar view.png using Guid(c75505b32d1339e41a618c0dbc88770b) Importer(815301076,1909f56bfc062723c751e8b465ee728b)  -> (artifact id: 'cbf40da5d266ef4cad3a01320e9151e0') in 0.007432 seconds 
  Import took 0.009480 seconds .

========================================================================
Received Import Request.
  Time since last request: 0.000210 seconds.
  path: Assets/Textures/polar coordinates.png
  artifactKey: Guid(9c492a2d1d712e34ca1570f398fd972d) Importer(815301076,1909f56bfc062723c751e8b465ee728b)
Start importing Assets/Textures/polar coordinates.png using Guid(9c492a2d1d712e34ca1570f398fd972d) Importer(815301076,1909f56bfc062723c751e8b465ee728b)  -> (artifact id: 'a6982e3ad84e5b6e11add683ace83ddf') in 0.009014 seconds 
  Import took 0.011611 seconds .

========================================================================
Received Import Request.
  Time since last request: 24.035637 seconds.
  path: Assets/Materials/Balloon.mat
  artifactKey: Guid(ea9af64e3cf25c242be3ca297a0e0a89) Importer(815301076,1909f56bfc062723c751e8b465ee728b)
Start importing Assets/Materials/Balloon.mat using Guid(ea9af64e3cf25c242be3ca297a0e0a89) Importer(815301076,1909f56bfc062723c751e8b465ee728b)  -> (artifact id: '2c6c9a4fd7e933c3841ee2e67ab0b1a7') in 0.009753 seconds 
  Import took 0.012099 seconds .

========================================================================
Received Import Request.
  Time since last request: 0.000241 seconds.
  path: Assets/Materials/Ground.mat
  artifactKey: Guid(c319c2aca2cfed643b2f6d43445db6b3) Importer(815301076,1909f56bfc062723c751e8b465ee728b)
Start importing Assets/Materials/Ground.mat using Guid(c319c2aca2cfed643b2f6d43445db6b3) Importer(815301076,1909f56bfc062723c751e8b465ee728b)  -> (artifact id: '1ff5ec29ccf9468e333e41a86e95b512') in 0.008680 seconds 
  Import took 0.010586 seconds .

========================================================================
Received Import Request.
  Time since last request: 0.000218 seconds.
  path: Assets/Materials/Gandola.mat
  artifactKey: Guid(c5af3db30ba9f7c449e8dac96c8ae000) Importer(815301076,1909f56bfc062723c751e8b465ee728b)
Start importing Assets/Materials/Gandola.mat using Guid(c5af3db30ba9f7c449e8dac96c8ae000) Importer(815301076,1909f56bfc062723c751e8b465ee728b)  -> (artifact id: '53c4ab1449328c58da7c71a89c553816') in 0.010360 seconds 
  Import took 0.012838 seconds .

========================================================================
Received Import Request.
  Time since last request: 36.433909 seconds.
  path: Assets/Textures/north african tiling pattern.png
  artifactKey: Guid(c6b8ff1f0e5670442b3ea1c0fba1d720) Importer(815301076,1909f56bfc062723c751e8b465ee728b)
Start importing Assets/Textures/north african tiling pattern.png using Guid(c6b8ff1f0e5670442b3ea1c0fba1d720) Importer(815301076,1909f56bfc062723c751e8b465ee728b)  -> (artifact id: '7db7320768c2fc7eaa217b97c8749861') in 0.004037 seconds 
  Import took 0.006425 seconds .

========================================================================
Received Import Request.
  Time since last request: 0.008409 seconds.
  path: Assets/Textures/circular foot prints.png
  artifactKey: Guid(88a3acc3a4571784da9593ab9e6713f9) Importer(815301076,1909f56bfc062723c751e8b465ee728b)
Start importing Assets/Textures/circular foot prints.png using Guid(88a3acc3a4571784da9593ab9e6713f9) Importer(815301076,1909f56bfc062723c751e8b465ee728b)  -> (artifact id: '4168a75b7fba7731ea61347d6f7101f7') in 0.006298 seconds 
  Import took 0.008804 seconds .

========================================================================
Received Import Request.
  Time since last request: 0.000198 seconds.
  path: Assets/Textures/polar graph.png
  artifactKey: Guid(d71d3e7e13c35cc46aeeefc15a41c754) Importer(815301076,1909f56bfc062723c751e8b465ee728b)
Start importing Assets/Textures/polar graph.png using Guid(d71d3e7e13c35cc46aeeefc15a41c754) Importer(815301076,1909f56bfc062723c751e8b465ee728b)  -> (artifact id: '7a46f11c06a4f89945b20cae96b142d4') in 0.008801 seconds 
  Import took 0.010895 seconds .

========================================================================
Received Import Request.
  Time since last request: 0.000266 seconds.
  path: Assets/Textures/polar view.png
  artifactKey: Guid(c75505b32d1339e41a618c0dbc88770b) Importer(815301076,1909f56bfc062723c751e8b465ee728b)
Start importing Assets/Textures/polar view.png using Guid(c75505b32d1339e41a618c0dbc88770b) Importer(815301076,1909f56bfc062723c751e8b465ee728b)  -> (artifact id: '1cb76c17c0451c7bbd01537591de2e75') in 0.008038 seconds 
  Import took 0.010422 seconds .

========================================================================
Received Import Request.
  Time since last request: 0.000212 seconds.
  path: Assets/Textures/polar coordinates.png
  artifactKey: Guid(9c492a2d1d712e34ca1570f398fd972d) Importer(815301076,1909f56bfc062723c751e8b465ee728b)
Start importing Assets/Textures/polar coordinates.png using Guid(9c492a2d1d712e34ca1570f398fd972d) Importer(815301076,1909f56bfc062723c751e8b465ee728b)  -> (artifact id: '13bc2d586927680138defac08224f441') in 0.008551 seconds 
  Import took 0.010788 seconds .

========================================================================
Received Import Request.
  Time since last request: 91.171077 seconds.
  path: Assets/Models
  artifactKey: Guid(787cac8cd15e5ff42968a8e1aa4c83c7) Importer(815301076,1909f56bfc062723c751e8b465ee728b)
Start importing Assets/Models using Guid(787cac8cd15e5ff42968a8e1aa4c83c7) Importer(815301076,1909f56bfc062723c751e8b465ee728b)  -> (artifact id: 'b009e018dc90ac0886ebc544b38080f1') in 0.004357 seconds 
  Import took 0.006682 seconds .

========================================================================
Received Import Request.
  Time since last request: 3.040025 seconds.
  path: Assets/Models/ThinAirBalloon.prefab
  artifactKey: Guid(7b76aa5cca02ed44c9d915aaf1057b3a) Importer(815301076,1909f56bfc062723c751e8b465ee728b)
Start importing Assets/Models/ThinAirBalloon.prefab using Guid(7b76aa5cca02ed44c9d915aaf1057b3a) Importer(815301076,1909f56bfc062723c751e8b465ee728b)  -> (artifact id: '342cae92175c6b31ab3dd94ab4f80bfb') in 0.022019 seconds 
  Import took 0.024673 seconds .

========================================================================
Received Import Request.
  Time since last request: 168.968928 seconds.
  path: Assets/Scenes
  artifactKey: Guid(53a551440554c4d47b51bf433c7056f3) Importer(815301076,1909f56bfc062723c751e8b465ee728b)
Start importing Assets/Scenes using Guid(53a551440554c4d47b51bf433c7056f3) Importer(815301076,1909f56bfc062723c751e8b465ee728b)  -> (artifact id: '5e0d244a1583ac9833e21933b18879e0') in 0.004022 seconds 
  Import took 0.006404 seconds .

========================================================================
Received Import Request.
  Time since last request: 0.005137 seconds.
  path: Assets/Scenes/WorldWindView.unity
  artifactKey: Guid(9fc0d4010bbf28b4594072e72b8655ab) Importer(815301076,1909f56bfc062723c751e8b465ee728b)
Start importing Assets/Scenes/WorldWindView.unity using Guid(9fc0d4010bbf28b4594072e72b8655ab) Importer(815301076,1909f56bfc062723c751e8b465ee728b)  -> (artifact id: '03538eb014a0df157cb9edbb617af2a0') in 0.001545 seconds 
  Import took 0.004433 seconds .

AssetImportWorkerClient::OnTransportError - code=2 error=End of file
